Arguments: 
  C:\Program Files\nodejs\node.exe C:\Program Files (x86)\Yarn\bin\yarn.js deploy

PATH: 
  C:\Program Files\Docker\Docker\Resources\bin;C:\ProgramData\Oracle\Java\javapath;C:\Program Files (x86)\Intel\iCLS Client\;C:\Program Files\Intel\iCLS Client\;C:\WINDOWS\system32;C:\WINDOWS;C:\WINDOWS\System32\Wbem;C:\WINDOWS\System32\WindowsPowerShell\v1.0\;C:\Program Files\Intel\Intel(R) Management Engine Components\DAL;C:\Program Files (x86)\Intel\Intel(R) Management Engine Components\DAL;C:\Program Files\Intel\Intel(R) Management Engine Components\IPT;C:\Program Files (x86)\Intel\Intel(R) Management Engine Components\IPT;C:\Program Files\Intel\WiFi\bin\;C:\Program Files\Common Files\Intel\WirelessCommon\;C:\Program Files\Git\cmd;d:\Dropbox\Backup\Util;C:\Program Files (x86)\Skype\Phone\;C:\Program Files (x86)\Microsoft SQL Server\Client SDK\ODBC\110\Tools\Binn\;C:\Program Files (x86)\Microsoft SQL Server\130\Tools\Binn\;C:\Program Files (x86)\Microsoft SQL Server\130\DTS\Binn\;C:\Program Files (x86)\Microsoft SQL Server\130\Tools\Binn\ManagementStudio\;C:\Program Files (x86)\Microsoft SQL Server\110\Tools\Binn\;C:\Program Files\Microsoft SQL Server\110\Tools\Binn\;C:\Program Files\Microsoft SQL Server\110\DTS\Binn\;C:\ProgramData\chocolatey\bin;C:\Users\vitor.batista\AppData\Local\Programs\Python\Python36-32;c:\Program Files\Java\jdk1.8.0_131;d:\android-sdk-win;D:\android-sdk-win\platform-tools;C:\Program Files\nodejs\;C:\Users\vitor.batista\AppData\Local\Programs\Python\Python36-32\Scripts;C:\Program Files\OpenVPN\bin;C:\Program Files\Progress\DataDirect\ODBC_80\drivers;C:\Program Files\Progress\DataDirect\ODBC_80\jre\bin;C:\Program Files\Progress\DataDirect\ODBC_80\jre\bin\server;C:\Program Files\MySQL\MySQL Utilities 1.6\;C:\Program Files (x86)\Windows Kits\8.1\Windows Performance Toolkit\;C:\Program Files (x86)\Yarn\bin\;C:\Program Files (x86)\Microsoft VS Code\bin;C:\Users\vitor.batista\AppData\Local\Microsoft\WindowsApps;C:\Users\vitor.batista\AppData\Roaming\npm;C:\Users\vitor.batista\AppData\Local\Yarn\bin

Yarn version: 
  1.5.1

Node version: 
  8.7.0

Platform: 
  win32 x64

npm manifest: 
  {
    "name": "rung-cli-docs",
    "version": "0.0.2",
    "description": "Rung documentation",
    "homepage": "https://developers.rung.com.br/docs/",
    "author": "Rung",
    "license": "MIT",
    "repository": {
      "type": "git",
      "url": "git+https://github.com/rung-tools/rung-cli-docs.git"
    },
    "bugs": {
      "url": "https://github.com/ung-tools/rung-cli-docs"
    },
    "scripts": {
      "deploy": "mkdocs gh-deploy -v",
      "build": "mkdocs build",
      "dev": "mkdocs serve",
      "clean": "mkdocs build --clean"
    }
  }

yarn manifest: 
  No manifest

Lockfile: 
  No lockfile

Trace: 
  Error: Command failed.
  Exit code: 1
  Command: C:\WINDOWS\system32\cmd.exe
  Arguments: /d /s /c mkdocs gh-deploy -v
  Directory: D:\tfs\rung\rung-cli-docs
  Output:
  
      at ProcessTermError.MessageError (C:\Program Files (x86)\Yarn\lib\cli.js:186:110)
      at new ProcessTermError (C:\Program Files (x86)\Yarn\lib\cli.js:226:113)
      at ChildProcess.<anonymous> (C:\Program Files (x86)\Yarn\lib\cli.js:30281:17)
      at emitTwo (events.js:125:13)
      at ChildProcess.emit (events.js:213:7)
      at maybeClose (internal/child_process.js:927:16)
      at Process.ChildProcess._handle.onexit (internal/child_process.js:211:5)
